<?xml version="1.0" encoding="UTF-8"?>
<testng-results skipped="0" failed="0" total="16" passed="16">
  <reporter-output>
  </reporter-output>
  <suite name="Default suite" duration-ms="1786" started-at="2017-05-31T22:28:33Z" finished-at="2017-05-31T22:28:35Z">
    <groups>
    </groups>
    <test name="Default test" duration-ms="1786" started-at="2017-05-31T22:28:33Z" finished-at="2017-05-31T22:28:35Z">
      <class name="webservice.GETAPITest">
        <test-method status="PASS" signature="test1()[pri:0, instance:webservice.GETAPITest@3bfdc050]" name="test1" duration-ms="1381" started-at="2017-05-31T15:28:33Z" finished-at="2017-05-31T15:28:34Z">
          <reporter-output>
          </reporter-output>
        </test-method> <!-- test1 -->
        <test-method status="PASS" signature="test10()[pri:0, instance:webservice.GETAPITest@3bfdc050]" name="test10" duration-ms="39" started-at="2017-05-31T15:28:34Z" finished-at="2017-05-31T15:28:34Z">
          <reporter-output>
          </reporter-output>
        </test-method> <!-- test10 -->
        <test-method status="PASS" signature="test11()[pri:0, instance:webservice.GETAPITest@3bfdc050]" name="test11" duration-ms="22" started-at="2017-05-31T15:28:34Z" finished-at="2017-05-31T15:28:34Z">
          <reporter-output>
          </reporter-output>
        </test-method> <!-- test11 -->
        <test-method status="PASS" signature="test12()[pri:0, instance:webservice.GETAPITest@3bfdc050]" name="test12" duration-ms="28" started-at="2017-05-31T15:28:34Z" finished-at="2017-05-31T15:28:34Z">
          <reporter-output>
          </reporter-output>
        </test-method> <!-- test12 -->
        <test-method status="PASS" signature="test13()[pri:0, instance:webservice.GETAPITest@3bfdc050]" name="test13" duration-ms="18" started-at="2017-05-31T15:28:34Z" finished-at="2017-05-31T15:28:34Z">
          <reporter-output>
          </reporter-output>
        </test-method> <!-- test13 -->
        <test-method status="PASS" signature="test14()[pri:0, instance:webservice.GETAPITest@3bfdc050]" name="test14" duration-ms="23" started-at="2017-05-31T15:28:34Z" finished-at="2017-05-31T15:28:34Z">
          <reporter-output>
          </reporter-output>
        </test-method> <!-- test14 -->
        <test-method status="PASS" signature="test15()[pri:0, instance:webservice.GETAPITest@3bfdc050]" name="test15" duration-ms="21" started-at="2017-05-31T15:28:34Z" finished-at="2017-05-31T15:28:34Z">
          <reporter-output>
          </reporter-output>
        </test-method> <!-- test15 -->
        <test-method status="PASS" signature="test16()[pri:0, instance:webservice.GETAPITest@3bfdc050]" name="test16" duration-ms="20" started-at="2017-05-31T15:28:34Z" finished-at="2017-05-31T15:28:34Z">
          <reporter-output>
          </reporter-output>
        </test-method> <!-- test16 -->
        <test-method status="PASS" signature="test2()[pri:0, instance:webservice.GETAPITest@3bfdc050]" name="test2" duration-ms="21" started-at="2017-05-31T15:28:34Z" finished-at="2017-05-31T15:28:34Z">
          <reporter-output>
          </reporter-output>
        </test-method> <!-- test2 -->
        <test-method status="PASS" signature="test3()[pri:0, instance:webservice.GETAPITest@3bfdc050]" name="test3" duration-ms="22" started-at="2017-05-31T15:28:34Z" finished-at="2017-05-31T15:28:34Z">
          <reporter-output>
          </reporter-output>
        </test-method> <!-- test3 -->
        <test-method status="PASS" signature="test4()[pri:0, instance:webservice.GETAPITest@3bfdc050]" name="test4" duration-ms="23" started-at="2017-05-31T15:28:34Z" finished-at="2017-05-31T15:28:34Z">
          <reporter-output>
          </reporter-output>
        </test-method> <!-- test4 -->
        <test-method status="PASS" signature="test5()[pri:0, instance:webservice.GETAPITest@3bfdc050]" name="test5" duration-ms="20" started-at="2017-05-31T15:28:34Z" finished-at="2017-05-31T15:28:34Z">
          <reporter-output>
          </reporter-output>
        </test-method> <!-- test5 -->
        <test-method status="PASS" signature="test6()[pri:0, instance:webservice.GETAPITest@3bfdc050]" name="test6" duration-ms="14" started-at="2017-05-31T15:28:34Z" finished-at="2017-05-31T15:28:34Z">
          <reporter-output>
          </reporter-output>
        </test-method> <!-- test6 -->
        <test-method status="PASS" signature="test7()[pri:0, instance:webservice.GETAPITest@3bfdc050]" name="test7" duration-ms="19" started-at="2017-05-31T15:28:34Z" finished-at="2017-05-31T15:28:34Z">
          <reporter-output>
          </reporter-output>
        </test-method> <!-- test7 -->
        <test-method status="PASS" signature="test8()[pri:0, instance:webservice.GETAPITest@3bfdc050]" name="test8" duration-ms="18" started-at="2017-05-31T15:28:34Z" finished-at="2017-05-31T15:28:34Z">
          <reporter-output>
          </reporter-output>
        </test-method> <!-- test8 -->
        <test-method status="PASS" signature="test9()[pri:0, instance:webservice.GETAPITest@3bfdc050]" name="test9" duration-ms="49" started-at="2017-05-31T15:28:34Z" finished-at="2017-05-31T15:28:35Z">
          <reporter-output>
          </reporter-output>
        </test-method> <!-- test9 -->
      </class> <!-- webservice.GETAPITest -->
    </test> <!-- Default test -->
  </suite> <!-- Default suite -->
</testng-results>
